mode: set
rest_and_test/app.go:20.66,25.16 5 1
rest_and_test/app.go:29.2,31.22 2 1
rest_and_test/app.go:25.16,27.3 1 0
rest_and_test/app.go:34.33,34.34 0 0
rest_and_test/app.go:36.66,39.16 3 1
rest_and_test/app.go:44.2,45.43 2 1
rest_and_test/app.go:55.2,55.38 1 1
rest_and_test/app.go:39.16,42.3 2 0
rest_and_test/app.go:45.43,46.14 1 1
rest_and_test/app.go:52.3,52.9 1 1
rest_and_test/app.go:47.22,48.65 1 1
rest_and_test/app.go:49.11,50.68 1 0
rest_and_test/app.go:58.72,60.2 1 1
rest_and_test/app.go:62.76,68.2 4 1
rest_and_test/app.go:70.67,74.29 3 1
rest_and_test/app.go:77.2,77.15 1 1
rest_and_test/app.go:81.2,82.16 2 1
rest_and_test/app.go:87.2,87.45 1 1
rest_and_test/app.go:74.29,76.3 1 1
rest_and_test/app.go:77.15,79.3 1 0
rest_and_test/app.go:82.16,85.3 2 0
rest_and_test/app.go:90.69,93.43 3 1
rest_and_test/app.go:97.2,99.46 2 1
rest_and_test/app.go:104.2,104.43 1 1
rest_and_test/app.go:93.43,96.3 2 0
rest_and_test/app.go:99.46,102.3 2 0
rest_and_test/app.go:107.69,110.16 3 1
rest_and_test/app.go:115.2,117.43 3 1
rest_and_test/app.go:121.2,124.46 3 1
rest_and_test/app.go:129.2,129.38 1 1
rest_and_test/app.go:110.16,113.3 2 0
rest_and_test/app.go:117.43,120.3 2 0
rest_and_test/app.go:124.46,127.3 2 0
rest_and_test/app.go:132.69,135.16 3 1
rest_and_test/app.go:140.2,141.46 2 1
rest_and_test/app.go:146.2,146.75 1 1
rest_and_test/app.go:135.16,138.3 2 0
rest_and_test/app.go:141.46,144.3 2 0
rest_and_test/app.go:149.34,155.2 5 1
rest_and_test/main.go:5.13,21.2 8 0
rest_and_test/model.go:13.48,16.2 1 1
rest_and_test/model.go:18.51,24.2 2 1
rest_and_test/model.go:26.51,30.2 2 1
rest_and_test/model.go:32.51,41.16 3 1
rest_and_test/model.go:45.2,47.16 2 1
rest_and_test/model.go:51.2,53.12 2 1
rest_and_test/model.go:41.16,43.3 1 0
rest_and_test/model.go:47.16,49.3 1 0
rest_and_test/model.go:56.67,60.16 2 1
rest_and_test/model.go:64.2,68.18 3 1
rest_and_test/model.go:76.2,76.22 1 1
rest_and_test/model.go:60.16,62.3 1 0
rest_and_test/model.go:68.18,70.61 2 0
rest_and_test/model.go:73.3,73.33 1 0
rest_and_test/model.go:70.61,72.4 1 0
